<?xml version="1.0" encoding="UTF-8"?>
<!-- Generated by org.testng.reporters.JUnitReportReporter -->
<testsuite hostname="DESKTOP-IU4O7BV" failures="0" tests="1" name="orangeHrm.testcases.EmployeeRegistration" time="3.473" errors="0" timestamp="2024-03-22T14:53:59 IST" skipped="0">
  <testcase classname="orangeHrm.testcases.EmployeeRegistration" name="checkEmpReg" time="3.473"/>
  <system-out/>
</testsuite> <!-- orangeHrm.testcases.EmployeeRegistration -->
