<?xml version="1.0" encoding="UTF-8"?>
<!-- Generated by org.testng.reporters.JUnitReportReporter -->
<testsuite hostname="DESKTOP-IU4O7BV" failures="0" tests="1" name="orangeHrm.testcases.UserRegistrationTest" time="7.403" errors="0" timestamp="2024-03-22T15:30:29 IST" skipped="0">
  <testcase classname="orangeHrm.testcases.UserRegistrationTest" name="checkUserRegistration" time="7.403"/>
  <system-out/>
</testsuite> <!-- orangeHrm.testcases.UserRegistrationTest -->
