<?xml version="1.0" encoding="UTF-8"?>
<!-- Generated by org.testng.reporters.JUnitReportReporter -->
<testsuite hostname="DESKTOP-IU4O7BV" failures="0" tests="1" name="orangeHrm.testcases.AdminLoginWithInvalidInputs" time="0.650" errors="0" timestamp="2024-03-22T15:30:29 IST" skipped="0">
  <testcase classname="orangeHrm.testcases.AdminLoginWithInvalidInputs" name="checkAdminLogin" time="0.650"/>
  <system-out/>
</testsuite> <!-- orangeHrm.testcases.AdminLoginWithInvalidInputs -->
