<?xml version="1.0" encoding="UTF-8"?>
<!-- Generated by org.testng.reporters.JUnitReportReporter -->
<testsuite hostname="DESKTOP-IU4O7BV" failures="0" tests="1" name="orangeHrm.testcases.NewUserLogin" time="20.096" errors="0" timestamp="2024-03-22T15:02:56 IST" skipped="0">
  <testcase classname="orangeHrm.testcases.NewUserLogin" name="checkNewUserLogin" time="20.096"/>
  <system-out/>
</testsuite> <!-- orangeHrm.testcases.NewUserLogin -->
