<?xml version="1.0" encoding="UTF-8"?>
<!-- Generated by org.testng.reporters.JUnitReportReporter -->
<testsuite hostname="DESKTOP-IU4O7BV" failures="0" tests="1" name="orangeHrm.testcases.AdminLoginTestWithValidInputs" time="2.573" errors="0" timestamp="2024-03-22T15:30:29 IST" skipped="0">
  <testcase classname="orangeHrm.testcases.AdminLoginTestWithValidInputs" name="checkAdminLogin" time="2.573"/>
  <system-out/>
</testsuite> <!-- orangeHrm.testcases.AdminLoginTestWithValidInputs -->
